TN:
SF:/home/pedro/desktop/Final/src/ev/ev.c
FN:112,120,ev_receive
FN:122,154,calculateValues
FN:156,211,ev_treatValues
FN:213,227,ev_cleanUp
FN:40,48,handle_signal
FN:51,109,ev_initializer
FNDA:3,ev_receive
FNDA:3,calculateValues
FNDA:3,ev_treatValues
FNDA:2,ev_cleanUp
FNDA:0,handle_signal
FNDA:2,ev_initializer
FNF:6
FNH:5
DA:40,0
DA:41,0
DA:42,0
DA:43,0
DA:44,0
DA:45,0
DA:46,0
DA:48,0
DA:51,2
DA:53,2
DA:54,2
DA:55,2
DA:56,2
DA:57,2
DA:60,2
DA:61,2
DA:62,0
DA:63,0
DA:64,0
DA:68,2
DA:69,2
DA:70,0
DA:71,0
DA:72,0
DA:74,2
DA:76,2
DA:79,2
DA:80,2
DA:81,0
DA:82,0
DA:83,0
DA:85,2
DA:89,2
DA:97,2
DA:98,2
DA:99,0
DA:100,0
DA:101,0
DA:103,2
DA:106,2
DA:108,2
DA:112,3
DA:114,3
DA:119,3
DA:122,3
DA:124,3
DA:125,0
DA:128,3
DA:129,0
DA:132,3
DA:133,0
DA:136,3
DA:137,0
DA:139,3
DA:141,3
DA:143,0
DA:147,3
DA:149,3
DA:150,0
DA:154,3
DA:156,3
DA:158,3
DA:160,2
DA:161,2
DA:163,2
DA:164,2
DA:169,0
DA:170,0
DA:171,0
DA:173,2
DA:175,0
DA:177,0
DA:179,1
DA:180,1
DA:181,1
DA:182,0
DA:184,0
DA:187,3
DA:188,3
DA:189,3
DA:190,3
DA:192,3
DA:193,0
DA:196,3
DA:200,3
DA:202,0
DA:205,3
DA:206,2
DA:210,3
DA:211,3
DA:213,2
DA:215,2
DA:216,1
DA:219,2
DA:220,2
DA:223,2
DA:224,1
DA:227,2
LF:98
LH:63
end_of_record
TN:
SF:/home/pedro/desktop/Final/src/iec/iec.c
FN:101,108,iec_receive
FN:111,147,calculateValues
FN:149,198,treatValues
FN:200,213,iecCleanUp
FN:50,58,handle_signal
FN:60,99,iec_initializer
FNDA:5,iec_receive
FNDA:6,calculateValues
FNDA:6,treatValues
FNDA:1,iecCleanUp
FNDA:0,handle_signal
FNDA:1,iec_initializer
FNF:6
FNH:5
DA:50,0
DA:51,0
DA:52,0
DA:53,0
DA:54,0
DA:55,0
DA:56,0
DA:58,0
DA:60,1
DA:63,1
DA:64,1
DA:65,0
DA:66,0
DA:70,1
DA:71,1
DA:72,0
DA:73,0
DA:75,1
DA:78,1
DA:79,1
DA:80,0
DA:81,0
DA:86,1
DA:87,1
DA:88,1
DA:89,1
DA:91,1
DA:92,1
DA:93,0
DA:94,0
DA:95,0
DA:96,0
DA:99,1
DA:101,5
DA:103,5
DA:107,5
DA:111,6
DA:113,6
DA:114,5
DA:116,1
DA:117,0
DA:119,1
DA:120,0
DA:122,1
DA:123,0
DA:126,1
DA:129,6
DA:130,2
DA:131,2
DA:132,2
DA:133,0
DA:139,4
DA:140,4
DA:143,6
DA:144,2
DA:147,6
DA:149,6
DA:152,6
DA:153,4
DA:155,4
DA:156,1
DA:157,1
DA:158,1
DA:159,1
DA:161,1
DA:162,1
DA:163,1
DA:164,0
DA:166,0
DA:170,6
DA:171,6
DA:172,6
DA:174,6
DA:175,2
DA:178,4
DA:181,6
DA:183,6
DA:184,6
DA:185,6
DA:188,6
DA:190,0
DA:192,6
DA:194,6
DA:195,1
DA:198,6
DA:200,1
DA:202,1
DA:203,1
DA:206,1
DA:207,1
DA:210,1
DA:211,1
DA:213,1
LF:93
LH:68
end_of_record
TN:
SF:/home/pedro/desktop/Final/src/vmu/vmu.c
FN:149,165,calculateCicleEstimated
FN:168,193,calculate_speed
FN:195,197,nearly_equal
FN:199,215,atributeBooleanValues
FN:217,222,dbg_clear
FN:224,235,dbg_char
FN:237,245,dbg_string
FN:248,273,my_itoa
FN:276,282,dbg_int
FN:285,523,vmu_control_engines
FN:527,604,vmu_check_queue
FN:53,61,handle_signal
FN:608,637,read_input
FN:63,147,vmu_initialization
FN:640,665,display_status
FN:668,684,init_system_state
FN:687,694,set_acceleration
FN:697,704,set_braking
FN:706,730,cleanUp
FNDA:1,calculateCicleEstimated
FNDA:3,calculate_speed
FNDA:35,nearly_equal
FNDA:7,atributeBooleanValues
FNDA:7,dbg_clear
FNDA:519,dbg_char
FNDA:14,dbg_string
FNDA:7,my_itoa
FNDA:7,dbg_int
FNDA:7,vmu_control_engines
FNDA:0,vmu_check_queue
FNDA:0,handle_signal
FNDA:0,read_input
FNDA:0,vmu_initialization
FNDA:0,display_status
FNDA:14,init_system_state
FNDA:2,set_acceleration
FNDA:2,set_braking
FNDA:0,cleanUp
FNF:19
FNH:13
DA:53,0
DA:54,0
DA:55,0
DA:56,0
DA:57,0
DA:58,0
DA:59,0
DA:61,0
DA:63,0
DA:65,0
DA:68,0
DA:69,0
DA:70,0
DA:71,0
DA:75,0
DA:76,0
DA:77,0
DA:81,0
DA:82,0
DA:83,0
DA:84,0
DA:88,0
DA:91,0
DA:92,0
DA:93,0
DA:94,0
DA:98,0
DA:100,0
DA:104,0
DA:105,0
DA:106,0
DA:107,0
DA:109,0
DA:110,0
DA:111,0
DA:112,0
DA:113,0
DA:114,0
DA:115,0
DA:116,0
DA:119,0
DA:123,0
DA:124,0
DA:125,0
DA:126,0
DA:128,0
DA:129,0
DA:130,0
DA:131,0
DA:132,0
DA:133,0
DA:134,0
DA:135,0
DA:136,0
DA:137,0
DA:141,0
DA:142,0
DA:143,0
DA:146,0
DA:147,0
DA:149,1
DA:150,1
DA:151,1
DA:153,3
DA:155,2
DA:156,2
DA:157,0
DA:160,2
DA:164,1
DA:168,3
DA:169,3
DA:170,3
DA:172,3
DA:173,1
DA:175,1
DA:180,2
DA:182,1
DA:187,1
DA:188,1
DA:191,3
DA:193,3
DA:195,35
DA:196,35
DA:199,7
DA:201,7
DA:202,7
DA:203,7
DA:204,7
DA:205,7
DA:206,7
DA:207,7
DA:208,7
DA:209,7
DA:210,7
DA:211,7
DA:212,7
DA:213,7
DA:215,7
DA:217,7
DA:220,7
DA:222,7
DA:224,519
DA:226,519
DA:227,519
DA:230,519
DA:231,519
DA:232,519
DA:235,519
DA:237,14
DA:239,533
DA:241,519
DA:245,14
DA:248,7
DA:250,7
DA:252,7
DA:253,7
DA:257,7
DA:258,7
DA:260,7
DA:263,7
DA:264,0
DA:267,7
DA:270,7
DA:271,0
DA:276,7
DA:278,7
DA:279,7
DA:280,7
DA:282,7
DA:285,7
DA:290,7
DA:293,7
DA:294,7
DA:295,7
DA:296,7
DA:299,7
DA:302,7
DA:303,0
DA:307,7
DA:308,0
DA:309,0
DA:313,7
DA:315,1
DA:316,1
DA:317,1
DA:319,1
DA:324,6
DA:325,2
DA:326,2
DA:331,7
DA:333,1
DA:334,1
DA:335,1
DA:337,1
DA:338,1
DA:339,1
DA:341,1
DA:343,0
DA:344,0
DA:345,0
DA:346,0
DA:353,6
DA:355,2
DA:356,2
DA:357,2
DA:360,2
DA:363,0
DA:364,0
DA:365,0
DA:368,0
DA:371,0
DA:373,0
DA:374,0
DA:378,0
DA:380,0
DA:381,0
DA:382,0
DA:383,0
DA:387,3
DA:390,1
DA:391,1
DA:394,1
DA:395,1
DA:396,1
DA:398,1
DA:399,1
DA:400,1
DA:403,1
DA:405,1
DA:406,1
DA:407,1
DA:413,1
DA:415,1
DA:416,1
DA:417,1
DA:421,0
DA:422,0
DA:425,1
DA:426,1
DA:427,1
DA:428,1
DA:431,1
DA:436,4
DA:438,0
DA:439,0
DA:440,0
DA:442,0
DA:444,0
DA:445,0
DA:447,0
DA:448,0
DA:449,0
DA:454,0
DA:460,4
DA:462,1
DA:463,1
DA:464,1
DA:466,1
DA:467,1
DA:468,1
DA:473,3
DA:475,2
DA:477,2
DA:479,1
DA:480,1
DA:481,1
DA:482,1
DA:486,1
DA:493,1
DA:494,1
DA:495,1
DA:499,7
DA:500,1
DA:505,7
DA:506,7
DA:507,7
DA:508,7
DA:509,7
DA:510,7
DA:512,7
DA:513,7
DA:514,7
DA:515,7
DA:516,7
DA:518,7
DA:519,7
DA:521,7
DA:523,7
DA:527,0
DA:529,0
DA:534,0
DA:537,0
DA:540,0
DA:542,0
DA:543,0
DA:544,0
DA:545,0
DA:546,0
DA:547,0
DA:548,0
DA:552,0
DA:556,0
DA:557,0
DA:558,0
DA:559,0
DA:560,0
DA:565,0
DA:566,0
DA:572,0
DA:573,0
DA:574,0
DA:575,0
DA:576,0
DA:577,0
DA:578,0
DA:579,0
DA:581,0
DA:582,0
DA:589,0
DA:590,0
DA:591,0
DA:592,0
DA:593,0
DA:598,0
DA:599,0
DA:602,0
DA:604,0
DA:608,0
DA:610,0
DA:611,0
DA:613,0
DA:616,0
DA:617,0
DA:618,0
DA:619,0
DA:620,0
DA:621,0
DA:622,0
DA:623,0
DA:624,0
DA:625,0
DA:626,0
DA:627,0
DA:628,0
DA:629,0
DA:630,0
DA:631,0
DA:632,0
DA:634,0
DA:636,0
DA:640,0
DA:641,0
DA:642,0
DA:643,0
DA:644,0
DA:645,0
DA:646,0
DA:647,0
DA:648,0
DA:649,0
DA:650,0
DA:651,0
DA:652,0
DA:653,0
DA:654,0
DA:655,0
DA:656,0
DA:657,0
DA:658,0
DA:659,0
DA:660,0
DA:661,0
DA:662,0
DA:663,0
DA:664,0
DA:665,0
DA:668,14
DA:669,14
DA:670,14
DA:671,14
DA:672,14
DA:673,14
DA:674,14
DA:675,14
DA:676,14
DA:677,14
DA:678,14
DA:679,14
DA:680,14
DA:681,14
DA:682,14
DA:683,14
DA:684,14
DA:687,2
DA:688,2
DA:689,2
DA:690,2
DA:691,1
DA:693,2
DA:694,2
DA:697,2
DA:698,2
DA:699,2
DA:700,2
DA:701,1
DA:703,2
DA:704,2
DA:706,0
DA:712,0
DA:713,0
DA:714,0
DA:715,0
DA:716,0
DA:717,0
DA:718,0
DA:719,0
DA:721,0
DA:722,0
DA:723,0
DA:724,0
DA:725,0
DA:726,0
DA:727,0
DA:728,0
DA:730,0
LF:385
LH:185
end_of_record
